<?xml version="1.0" encoding="UTF-8"?>
<!-- Generated by org.testng.reporters.JUnitXMLReporter -->
<testsuite hostname="ASDW0128" ignored="0" name="Default test" tests="11" failures="0" timestamp="27 Jun 2018 03:59:32 GMT" time="14.753" errors="0">
  <testcase name="basic_Course_Button_Should_Click" time="0.206" classname="test.TestTatoc"/>
  <testcase name="red_Box_Click_Should_Display_Error_Page" time="0.121" classname="test.TestTatoc"/>
  <testcase name="green_Box_Click_Should_Proceed_to_Next_Page" time="0.45" classname="test.TestTatoc"/>
  <testcase name="box_Colors_Does_Not_Match_Should_Display_Error_Page" time="0.298" classname="test.TestTatoc"/>
  <testcase name="box_Colors_Do_Match_Should_Go_To_Next_Page" time="2.191" classname="test.TestTatoc"/>
  <testcase name="dropbox_Does_Not_Contain_Dragbox_Should_Display_Error_Page" time="0.134" classname="test.TestTatoc"/>
  <testcase name="dropbox_Contains_Dragbox_Should_Go_To_Next_Page" time="0.299" classname="test.TestTatoc"/>
  <testcase name="empty_Text_Field_Should_Display_Error_Page" time="1.547" classname="test.TestTatoc"/>
  <testcase name="text_Field_Contains_Some_Text_Should_Go_To_Next_Paage" time="1.599" classname="test.TestTatoc"/>
  <testcase name="token_Not_Generated_Should_Display_Error_Page" time="0.15" classname="test.TestTatoc"/>
  <testcase name="token_Generated_Should_Go_To_Next_Page" time="0.249" classname="test.TestTatoc"/>
</testsuite> <!-- Default test -->
